-------------------------------------------------------------------------------
Test set: kr.co.seoultel.mms.direct.ApplicationTests
-------------------------------------------------------------------------------
Tests run: 1, Failures: 0, Errors: 1, Skipped: 0, Time elapsed: 0.189 s <<< FAILURE! - in kr.co.seoultel.mms.direct.ApplicationTests
kr.co.seoultel.mms.direct.ApplicationTests  Time elapsed: 0.188 s  <<< ERROR!
java.lang.IllegalStateException: Unable to find a @SpringBootConfiguration, you need to use @ContextConfiguration or @SpringBootTest(classes=...) with your test

